SF:lib/cubit/restaurant_state.dart
DA:10,7
DA:16,1
DA:17,2
DA:21,3
DA:23,0
DA:25,0
DA:26,0
DA:32,5
DA:34,1
DA:35,2
DA:37,0
DA:39,0
DA:40,0
DA:46,2
DA:54,1
DA:55,3
DA:57,0
DA:59,0
DA:60,0
DA:61,0
DA:72,1
DA:75,1
DA:76,1
DA:77,2
DA:79,0
DA:81,0
DA:82,0
DA:83,0
DA:91,4
DA:97,0
DA:99,0
DA:100,0
DA:101,0
LF:33
LH:15
end_of_record
SF:lib/cubit/restaurant_cubit.dart
DA:11,1
DA:12,1
DA:15,1
DA:16,1
DA:18,2
DA:20,2
DA:22,1
DA:23,1
DA:29,1
DA:39,1
DA:40,3
DA:41,1
DA:42,1
DA:44,0
DA:47,1
DA:48,1
DA:49,2
DA:50,1
LF:18
LH:17
end_of_record
SF:lib/models/restaurant.dart
DA:10,2
DA:15,2
DA:16,2
DA:18,0
DA:26,2
DA:30,4
DA:32,0
DA:42,2
DA:48,4
DA:50,0
DA:60,2
DA:67,4
DA:69,0
DA:77,2
DA:81,2
DA:82,2
DA:84,0
DA:99,2
DA:111,2
DA:112,2
DA:114,0
DA:117,0
DA:118,0
DA:119,0
DA:125,1
DA:126,3
DA:127,2
DA:134,1
DA:135,3
DA:136,3
DA:148,2
DA:153,2
DA:154,2
DA:156,0
LF:34
LH:24
end_of_record
SF:lib/models/restaurant.g.dart
DA:9,4
DA:10,2
DA:11,2
DA:14,0
DA:15,0
DA:16,0
DA:19,4
DA:20,2
DA:23,0
DA:24,0
DA:27,4
DA:28,2
DA:29,2
DA:30,2
DA:33,0
DA:34,0
DA:35,0
DA:36,0
DA:39,4
DA:40,2
DA:41,2
DA:42,2
DA:43,2
DA:45,4
DA:48,0
DA:49,0
DA:50,0
DA:51,0
DA:54,4
DA:55,2
DA:58,0
DA:59,0
DA:62,4
DA:63,2
DA:64,2
DA:65,2
DA:66,4
DA:68,8
DA:69,2
DA:70,6
DA:71,2
DA:72,2
DA:73,6
DA:74,2
DA:75,2
DA:76,6
DA:77,2
DA:78,2
DA:80,4
DA:83,0
DA:84,0
DA:85,0
DA:86,0
DA:87,0
DA:88,0
DA:89,0
DA:90,0
DA:91,0
DA:92,0
DA:93,0
DA:96,2
DA:98,2
DA:99,2
DA:100,2
DA:101,6
DA:102,2
DA:105,0
DA:107,0
DA:108,0
DA:109,0
LF:70
LH:40
end_of_record
SF:lib/usecases/fetch_restaurants.dart
DA:8,0
DA:9,0
DA:10,0
DA:12,0
DA:13,0
DA:15,0
DA:22,0
DA:26,0
DA:29,0
LF:9
LH:0
end_of_record
SF:lib/datasources/yielp_datasource.dart
DA:10,2
DA:12,1
DA:14,1
DA:15,2
DA:16,2
DA:18,1
DA:24,1
DA:25,0
DA:30,1
DA:64,1
LF:10
LH:9
end_of_record
SF:lib/repositories/yelp_repository.dart
DA:9,2
DA:11,1
DA:13,1
DA:14,3
DA:16,0
DA:20,1
DA:22,2
DA:24,0
LF:8
LH:6
end_of_record
SF:lib/network/dio_http_client.dart
DA:8,2
DA:9,1
DA:15,2
DA:18,1
DA:20,0
LF:5
LH:4
end_of_record
SF:lib/pages/favorites_list_page_view.dart
DA:8,1
DA:10,0
DA:12,0
DA:13,0
DA:14,0
DA:17,0
DA:18,0
DA:19,0
DA:20,0
DA:21,0
DA:22,0
DA:23,0
DA:25,0
DA:26,0
DA:27,0
DA:28,0
DA:29,0
DA:31,0
DA:32,0
DA:33,0
DA:43,0
LF:21
LH:1
end_of_record
SF:lib/pages/restaurant_list_page.dart
DA:9,1
DA:11,1
DA:13,1
DA:14,1
DA:15,1
DA:16,0
DA:17,0
DA:18,0
DA:19,0
DA:20,1
DA:21,1
DA:23,1
DA:24,0
DA:25,0
DA:28,1
DA:29,0
DA:30,1
DA:31,3
DA:32,1
DA:33,1
DA:35,1
DA:36,1
DA:37,3
DA:45,0
DA:54,1
DA:62,1
DA:64,1
DA:65,0
DA:66,0
DA:68,0
DA:69,0
DA:73,1
DA:74,2
DA:77,1
DA:79,2
DA:80,1
DA:81,1
DA:82,1
DA:83,1
DA:89,1
DA:90,1
DA:91,1
DA:92,1
DA:93,1
DA:94,1
DA:104,1
DA:106,1
DA:109,1
DA:110,1
DA:111,2
DA:117,2
DA:121,2
LF:52
LH:40
end_of_record
SF:lib/pages/home_page.dart
DA:19,1
DA:21,1
DA:23,1
DA:25,1
DA:26,1
DA:27,1
DA:29,3
DA:31,1
DA:32,1
DA:34,1
DA:35,0
DA:44,1
DA:45,1
DA:46,1
DA:47,1
DA:49,3
DA:52,1
DA:53,1
DA:55,3
LF:19
LH:18
end_of_record
SF:lib/pages/restaurant_detail_page.dart
DA:8,0
DA:10,0
DA:12,0
DA:13,0
DA:14,0
DA:16,0
DA:17,0
DA:18,0
DA:19,0
DA:20,0
DA:21,0
DA:22,0
DA:23,0
DA:24,0
DA:25,0
DA:27,0
DA:29,0
DA:32,0
DA:33,0
DA:37,0
DA:41,0
DA:43,0
DA:49,0
DA:50,0
DA:52,0
DA:57,0
DA:58,0
DA:59,0
DA:60,0
DA:62,0
DA:77,0
DA:84,0
DA:86,0
DA:88,0
DA:89,0
DA:90,0
DA:91,0
DA:95,0
DA:96,0
LF:39
LH:0
end_of_record
SF:lib/widgets/appbar.dart
DA:10,0
DA:12,0
DA:15,0
DA:16,0
DA:17,0
DA:18,0
DA:19,0
DA:20,0
DA:21,0
DA:22,0
DA:24,0
DA:28,0
DA:29,0
DA:30,0
DA:37,0
LF:15
LH:0
end_of_record
SF:lib/utils/get_random_avatar.dart
DA:4,0
DA:6,0
DA:17,0
DA:20,0
LF:4
LH:0
end_of_record
SF:lib/widgets/divider.dart
DA:3,0
LF:1
LH:0
end_of_record
SF:lib/widgets/hero_image_widget.dart
DA:6,1
DA:16,1
DA:18,1
DA:19,3
DA:20,1
DA:21,2
DA:22,3
DA:23,5
DA:24,1
DA:25,2
DA:27,1
DA:28,1
DA:30,0
DA:31,0
DA:32,0
DA:34,0
LF:16
LH:12
end_of_record
SF:lib/widgets/rataurant_open_status.dart
DA:4,1
DA:6,1
DA:8,1
DA:10,1
DA:11,1
DA:12,1
DA:13,3
DA:18,1
DA:21,1
LF:9
LH:9
end_of_record
SF:lib/widgets/rating_and_open_status_widget.dart
DA:8,1
DA:15,1
DA:17,1
DA:18,1
DA:19,1
DA:20,3
DA:23,1
DA:24,2
LF:8
LH:8
end_of_record
SF:lib/widgets/rating_widget.dart
DA:10,1
DA:15,3
DA:17,1
DA:19,1
DA:21,3
DA:22,1
DA:24,1
DA:25,1
LF:8
LH:8
end_of_record
SF:lib/widgets/restaurant_details.dart
DA:5,1
DA:12,1
DA:14,1
DA:15,1
DA:16,1
DA:17,2
DA:18,3
DA:23,1
DA:24,1
DA:25,6
DA:26,3
LF:11
LH:11
end_of_record
SF:lib/widgets/restaurant_ratings_review_section.dart
DA:9,0
DA:12,0
DA:14,0
DA:16,0
DA:17,0
DA:19,0
DA:24,0
DA:28,0
DA:32,0
DA:33,0
DA:34,0
DA:39,0
DA:42,0
DA:43,0
DA:44,0
DA:45,0
DA:47,0
DA:51,0
DA:52,0
DA:57,0
DA:58,0
DA:60,0
DA:61,0
DA:62,0
DA:65,0
DA:69,0
DA:70,0
DA:71,0
DA:73,0
DA:74,0
DA:75,0
DA:80,0
DA:86,0
DA:95,0
DA:96,0
DA:97,0
DA:98,0
DA:99,0
DA:100,0
LF:39
LH:0
end_of_record
