SF:lib/data/repositories/yelp_repository.dart
DA:9,1
DA:55,1
DA:58,2
DA:60,1
DA:62,0
DA:63,1
DA:65,0
DA:67,0
DA:68,0
DA:73,0
DA:76,0
DA:77,0
DA:82,0
DA:83,0
DA:87,0
DA:88,0
DA:93,0
DA:99,0
DA:104,0
DA:110,0
DA:114,0
DA:121,0
DA:125,0
DA:130,0
DA:133,0
DA:134,0
DA:139,0
DA:140,0
DA:144,0
DA:145,0
DA:149,0
DA:155,0
DA:158,0
DA:159,0
DA:164,0
DA:165,0
DA:169,0
DA:170,0
DA:174,0
DA:181,0
DA:185,0
DA:191,0
DA:194,0
DA:195,0
DA:200,0
DA:201,0
DA:205,0
DA:206,0
DA:210,0
DA:217,0
DA:221,0
DA:227,0
DA:230,0
DA:231,0
DA:236,0
DA:237,0
DA:241,0
DA:242,0
DA:246,0
DA:253,0
DA:257,0
DA:263,0
DA:266,0
DA:267,0
DA:272,0
DA:273,0
DA:277,0
DA:278,0
DA:282,0
DA:289,0
DA:293,0
DA:299,0
DA:302,0
DA:303,0
DA:308,0
DA:309,0
DA:313,0
DA:314,0
DA:318,0
DA:325,0
DA:329,0
DA:335,0
DA:338,0
DA:339,0
DA:344,0
DA:345,0
DA:349,0
DA:350,0
DA:354,0
DA:361,0
DA:365,0
DA:371,0
DA:374,0
DA:375,0
DA:380,0
DA:381,0
DA:385,0
DA:386,0
DA:390,0
DA:397,0
DA:401,0
DA:407,0
DA:410,0
DA:411,0
DA:416,0
DA:417,0
DA:421,0
DA:422,0
DA:426,0
DA:433,0
DA:439,0
DA:441,1
DA:445,1
DA:479,1
LF:114
LH:8
end_of_record
SF:lib/core/utils/storage.dart
DA:12,0
DA:14,0
DA:16,0
DA:19,0
DA:21,0
DA:24,0
DA:26,0
LF:7
LH:0
end_of_record
SF:lib/domain/models/restaurant.dart
DA:11,0
DA:16,0
DA:17,0
DA:19,0
DA:27,0
DA:31,0
DA:33,0
DA:43,0
DA:49,0
DA:51,0
DA:61,0
DA:68,0
DA:70,0
DA:78,0
DA:82,0
DA:83,0
DA:85,0
DA:100,3
DA:112,0
DA:113,0
DA:115,4
DA:118,0
DA:119,0
DA:120,0
DA:126,0
DA:127,0
DA:128,0
DA:135,0
DA:136,0
DA:137,0
DA:142,0
DA:143,0
DA:144,0
DA:145,0
DA:146,0
DA:156,0
DA:161,0
DA:162,0
DA:164,0
LF:39
LH:2
end_of_record
SF:lib/domain/models/restaurant.g.dart
DA:9,0
DA:10,0
DA:11,0
DA:14,0
DA:15,0
DA:16,0
DA:19,0
DA:20,0
DA:23,0
DA:24,0
DA:27,0
DA:28,0
DA:29,0
DA:30,0
DA:33,0
DA:34,0
DA:35,0
DA:36,0
DA:39,0
DA:40,0
DA:41,0
DA:42,0
DA:44,0
DA:47,0
DA:48,0
DA:49,0
DA:50,0
DA:53,0
DA:54,0
DA:57,0
DA:58,0
DA:61,0
DA:62,0
DA:63,0
DA:64,0
DA:65,0
DA:67,0
DA:68,0
DA:69,0
DA:70,0
DA:71,0
DA:72,0
DA:73,0
DA:74,0
DA:75,0
DA:76,0
DA:77,0
DA:79,0
DA:82,2
DA:83,2
DA:84,2
DA:85,2
DA:86,2
DA:87,2
DA:88,2
DA:89,2
DA:90,2
DA:91,2
DA:92,2
DA:95,0
DA:97,0
DA:98,0
DA:99,0
DA:100,0
DA:101,0
DA:104,0
DA:106,0
DA:107,0
DA:108,0
LF:69
LH:11
end_of_record
SF:lib/domain/usecases/get_restaurants_usecase.dart
DA:7,1
DA:16,1
DA:22,2
DA:24,1
DA:29,2
DA:30,0
DA:31,3
DA:32,1
LF:8
LH:7
end_of_record
SF:lib/core/dependency_injection.dart
DA:19,3
DA:22,0
DA:24,0
DA:25,0
DA:28,0
DA:30,0
DA:32,0
DA:33,0
DA:34,0
DA:39,0
DA:40,0
DA:41,0
DA:45,0
DA:46,0
DA:47,0
DA:51,0
DA:52,0
DA:53,0
DA:58,0
DA:59,0
DA:60,0
DA:62,0
DA:66,0
DA:67,0
DA:68,0
DA:73,0
DA:74,0
DA:76,0
DA:80,0
DA:81,0
DA:82,0
DA:87,0
DA:88,0
DA:90,0
DA:91,0
DA:92,0
DA:94,0
DA:95,0
LF:38
LH:1
end_of_record
SF:lib/core/environment.dart
DA:6,0
DA:7,0
DA:8,0
LF:3
LH:0
end_of_record
SF:lib/data/local_storages/favorites_local_storage.dart
DA:8,1
DA:15,1
DA:17,2
DA:19,0
DA:21,1
DA:22,2
DA:25,1
DA:27,1
DA:28,1
DA:29,2
DA:31,5
DA:35,1
DA:37,1
DA:38,1
DA:39,2
DA:41,3
LF:16
LH:15
end_of_record
SF:lib/data/local_storages/restaurants_local_storage.dart
DA:8,1
DA:16,1
DA:19,4
DA:21,2
DA:22,1
DA:23,1
DA:27,1
DA:29,3
DA:31,0
DA:33,1
DA:34,2
LF:11
LH:10
end_of_record
SF:lib/domain/usecases/favorites_usecase.dart
DA:6,1
DA:12,1
DA:14,2
DA:17,1
DA:19,2
DA:22,1
DA:24,2
DA:25,1
DA:28,1
DA:30,2
LF:10
LH:10
end_of_record
SF:lib/presentation/controllers/favorites/favorites_state.dart
DA:11,0
DA:19,0
DA:27,0
LF:3
LH:0
end_of_record
SF:lib/presentation/controllers/favorites/favorites_cubit.dart
DA:9,0
DA:10,0
DA:14,0
DA:16,0
DA:17,0
DA:18,0
DA:19,0
DA:22,0
DA:24,0
DA:28,0
DA:29,0
DA:30,0
DA:31,0
DA:34,0
DA:35,0
DA:36,0
DA:39,0
DA:40,0
DA:41,0
LF:19
LH:0
end_of_record
SF:lib/presentation/controllers/restaurants/restaurants_cubit.dart
DA:9,0
DA:10,0
DA:17,0
DA:18,0
DA:20,0
DA:22,0
DA:24,0
DA:26,0
DA:30,0
DA:31,0
DA:33,0
DA:34,0
DA:36,0
DA:38,0
DA:39,0
DA:41,0
LF:16
LH:0
end_of_record
SF:lib/presentation/controllers/restaurants/restaurants_cubit_state.dart
DA:13,0
DA:19,0
LF:2
LH:0
end_of_record
SF:lib/main.dart
DA:9,0
DA:10,0
DA:11,0
DA:13,0
DA:17,5
DA:19,1
DA:21,1
DA:24,1
DA:25,1
DA:26,1
DA:27,3
DA:29,1
DA:30,0
LF:13
LH:8
end_of_record
SF:lib/presentation/pages/home_page.dart
DA:6,4
DA:8,1
DA:10,1
DA:13,1
DA:14,1
DA:16,1
DA:17,2
LF:7
LH:7
end_of_record
SF:lib/presentation/pages/favorites_page.dart
DA:8,4
DA:10,0
DA:11,0
DA:15,0
DA:17,0
DA:18,0
DA:21,0
DA:23,0
DA:24,0
DA:25,0
DA:30,0
DA:31,0
DA:33,0
LF:13
LH:1
end_of_record
SF:lib/presentation/widgets/restaurants_list.dart
DA:8,0
DA:12,0
DA:13,0
DA:19,0
DA:21,0
DA:22,0
DA:23,0
DA:24,0
DA:25,0
DA:30,0
DA:32,0
DA:33,0
DA:34,0
DA:38,0
DA:39,0
DA:40,0
DA:41,0
DA:42,0
DA:43,0
LF:19
LH:0
end_of_record
SF:lib/presentation/pages/restaurants_page.dart
DA:7,4
DA:9,1
DA:10,1
DA:14,1
DA:16,1
DA:17,2
DA:20,0
DA:22,0
DA:23,0
DA:24,0
DA:29,0
DA:30,0
LF:12
LH:6
end_of_record
SF:lib/presentation/pages/restaurant_details_page.dart
DA:13,0
DA:17,0
DA:18,0
DA:22,0
DA:25,0
DA:26,0
DA:29,0
DA:31,0
DA:33,0
DA:34,0
DA:35,0
DA:36,0
DA:37,0
DA:39,0
DA:40,0
DA:41,0
DA:42,0
DA:43,0
DA:44,0
DA:45,0
DA:49,0
DA:50,0
DA:51,0
DA:55,0
DA:60,0
DA:61,0
DA:63,0
DA:64,0
DA:65,0
DA:66,0
DA:68,0
DA:69,0
DA:75,0
DA:79,0
DA:80,0
DA:81,0
DA:83,0
DA:84,0
DA:92,0
LF:39
LH:0
end_of_record
SF:lib/presentation/widgets/restaurant_details/address_section.dart
DA:6,0
DA:10,0
DA:12,0
DA:14,0
DA:26,0
DA:28,0
DA:29,0
LF:7
LH:0
end_of_record
SF:lib/presentation/widgets/restaurant_details/general_info_section.dart
DA:7,0
DA:11,0
DA:13,0
DA:14,0
DA:15,0
DA:17,0
DA:19,0
DA:20,0
DA:21,0
DA:22,0
DA:23,0
DA:27,0
DA:28,0
DA:33,0
LF:14
LH:0
end_of_record
SF:lib/presentation/widgets/restaurant_details/overall_rating_section.dart
DA:6,0
DA:10,0
DA:12,0
DA:14,0
DA:26,0
DA:28,0
DA:29,0
DA:30,0
DA:31,0
LF:9
LH:0
end_of_record
SF:lib/presentation/widgets/restaurant_details/reviews_section.dart
DA:7,0
DA:11,0
DA:13,0
DA:16,0
DA:17,0
DA:18,0
DA:19,0
DA:21,0
DA:23,0
DA:24,0
DA:25,0
DA:26,0
DA:32,0
DA:33,0
DA:36,0
DA:37,0
DA:38,0
DA:39,0
DA:41,0
DA:42,0
LF:20
LH:0
end_of_record
SF:lib/presentation/widgets/is_open_widget.dart
DA:5,0
DA:9,0
DA:11,0
DA:12,0
DA:13,0
DA:14,0
DA:18,0
DA:21,0
DA:22,0
LF:9
LH:0
end_of_record
SF:lib/presentation/widgets/ratings.dart
DA:4,0
DA:7,0
DA:9,0
DA:10,0
DA:11,0
DA:12,0
LF:6
LH:0
end_of_record
SF:lib/presentation/widgets/restaurants_card.dart
DA:9,0
DA:13,0
DA:15,0
DA:16,0
DA:17,0
DA:19,0
DA:20,0
DA:21,0
DA:26,0
DA:27,0
DA:28,0
DA:29,0
DA:31,0
DA:32,0
DA:34,0
DA:35,0
DA:36,0
DA:37,0
DA:38,0
DA:46,0
DA:47,0
DA:49,0
DA:50,0
DA:51,0
DA:52,0
DA:53,0
DA:54,0
DA:55,0
DA:63,0
DA:64,0
DA:65,0
DA:66,0
DA:70,0
DA:71,0
DA:77,0
DA:79,0
DA:80,0
DA:81,0
DA:83,0
LF:39
LH:0
end_of_record
